c:\entwicklung\qt workspace\wt500_vc++_demo_src for 2015\debug\wt500demo.bsc
c:\entwicklung\qt workspace\wt500_vc++_demo_src for 2015\debug\wt500demo.pch
c:\entwicklung\qt workspace\wt500_vc++_demo_src for 2015\debug\vc140.pdb
c:\entwicklung\qt workspace\wt500_vc++_demo_src for 2015\debug\vc140.idb
c:\entwicklung\qt workspace\wt500_vc++_demo_src for 2015\debug\stdafx.sbr
c:\entwicklung\qt workspace\wt500_vc++_demo_src for 2015\debug\stdafx.obj
c:\entwicklung\qt workspace\wt500_vc++_demo_src for 2015\debug\wt500demo.sbr
c:\entwicklung\qt workspace\wt500_vc++_demo_src for 2015\debug\maindialog.sbr
c:\entwicklung\qt workspace\wt500_vc++_demo_src for 2015\debug\connection.sbr
c:\entwicklung\qt workspace\wt500_vc++_demo_src for 2015\debug\commdialog.sbr
c:\entwicklung\qt workspace\wt500_vc++_demo_src for 2015\debug\connection.obj
c:\entwicklung\qt workspace\wt500_vc++_demo_src for 2015\debug\maindialog.obj
c:\entwicklung\qt workspace\wt500_vc++_demo_src for 2015\debug\wt500demo.obj
c:\entwicklung\qt\wt500_vc++_demo_src for 2015\debug\wt500demo.pch
c:\entwicklung\qt\wt500_vc++_demo_src for 2015\debug\vc140.pdb
c:\entwicklung\qt\wt500_vc++_demo_src for 2015\debug\vc140.idb
c:\entwicklung\qt\wt500_vc++_demo_src for 2015\debug\stdafx.sbr
c:\entwicklung\qt\wt500_vc++_demo_src for 2015\debug\stdafx.obj
c:\entwicklung\qt\wt500_vc++_demo_src for 2015\debug\wt500demo.sbr
c:\entwicklung\qt\wt500_vc++_demo_src for 2015\debug\maindialog.sbr
c:\entwicklung\qt\wt500_vc++_demo_src for 2015\debug\connection.sbr
c:\entwicklung\qt\wt500_vc++_demo_src for 2015\debug\commdialog.sbr
c:\entwicklung\qt\wt500_vc++_demo_src for 2015\debug\connection.obj
c:\entwicklung\qt\wt500_vc++_demo_src for 2015\debug\wt500demo.obj
c:\entwicklung\qt workspace\wt500_vc++_demo_src for 2015\debug\wt500demo.ilk
c:\entwicklung\qt workspace\wt500_vc++_demo_src for 2015\debug\wt500demo.exe
c:\entwicklung\qt workspace\wt500_vc++_demo_src for 2015\debug\wt500demo.pdb
c:\entwicklung\qt workspace\wt500_vc++_demo_src for 2015\debug\wt500demo.res
c:\entwicklung\qt\wt500_vc++_demo_src for 2015\debug\wt500demo.ilk
c:\entwicklung\qt\wt500_vc++_demo_src for 2015\debug\wt500demo.res
c:\entwicklung\qt\wt500_vc++_demo_src for 2015\debug\wt500demo.pdb
c:\entwicklung\qt\wt500_vc++_demo_src for 2015\debug\wt500demo.bsc
c:\entwicklung\qt\wt500_vc++_demo_src for 2015\.\debug\wt500demo.exe
c:\entwicklung\qt\wt500_vc++_demo_src for 2015\debug\wt500demo.tlog\bscmake.command.1.tlog
c:\entwicklung\qt\wt500_vc++_demo_src for 2015\debug\wt500demo.tlog\bscmake.read.1.tlog
c:\entwicklung\qt\wt500_vc++_demo_src for 2015\debug\wt500demo.tlog\bscmake.write.1.tlog
c:\entwicklung\qt\wt500_vc++_demo_src for 2015\debug\wt500demo.tlog\cl.command.1.tlog
c:\entwicklung\qt\wt500_vc++_demo_src for 2015\debug\wt500demo.tlog\cl.read.1.tlog
c:\entwicklung\qt\wt500_vc++_demo_src for 2015\debug\wt500demo.tlog\cl.write.1.tlog
c:\entwicklung\qt\wt500_vc++_demo_src for 2015\debug\wt500demo.tlog\link.command.1.tlog
c:\entwicklung\qt\wt500_vc++_demo_src for 2015\debug\wt500demo.tlog\link.read.1.tlog
c:\entwicklung\qt\wt500_vc++_demo_src for 2015\debug\wt500demo.tlog\link.write.1.tlog
c:\entwicklung\qt\wt500_vc++_demo_src for 2015\debug\wt500demo.tlog\rc.command.1.tlog
c:\entwicklung\qt\wt500_vc++_demo_src for 2015\debug\wt500demo.tlog\rc.read.1.tlog
c:\entwicklung\qt\wt500_vc++_demo_src for 2015\debug\wt500demo.tlog\rc.write.1.tlog
